<?xml version="1.0" encoding="UTF-8"?>
<testsuite xmlns:xsi="http://www.w3.org/2001/XMLSchema-instance" xsi:noNamespaceSchemaLocation="https://maven.apache.org/surefire/maven-surefire-plugin/xsd/surefire-test-report.xsd" name="com.epam.rd.autotasks.triangle.TriangleTest" time="0.094" tests="32" errors="0" skipped="0" failures="0">
  <properties>
[...]
</properties>
  <testcase name="testArea{double, double, double, double, double, double, double}[1]" classname="com.epam.rd.autotasks.triangle.TriangleTest" time="0.033"/>
  <testcase name="testArea{double, double, double, double, double, double, double}[2]" classname="com.epam.rd.autotasks.triangle.TriangleTest" time="0"/>
  <testcase name="testArea{double, double, double, double, double, double, double}[3]" classname="com.epam.rd.autotasks.triangle.TriangleTest" time="0.001"/>
  <testcase name="testArea{double, double, double, double, double, double, double}[4]" classname="com.epam.rd.autotasks.triangle.TriangleTest" time="0.001"/>
  <testcase name="testArea{double, double, double, double, double, double, double}[5]" classname="com.epam.rd.autotasks.triangle.TriangleTest" time="0.001"/>
  <testcase name="testArea{double, double, double, double, double, double, double}[6]" classname="com.epam.rd.autotasks.triangle.TriangleTest" time="0.001"/>
  <testcase name="testArea{double, double, double, double, double, double, double}[7]" classname="com.epam.rd.autotasks.triangle.TriangleTest" time="0"/>
  <testcase name="testArea{double, double, double, double, double, double, double}[8]" classname="com.epam.rd.autotasks.triangle.TriangleTest" time="0"/>
  <testcase name="testArea{double, double, double, double, double, double, double}[9]" classname="com.epam.rd.autotasks.triangle.TriangleTest" time="0"/>
  <testcase name="testArea{double, double, double, double, double, double, double}[10]" classname="com.epam.rd.autotasks.triangle.TriangleTest" time="0"/>
  <testcase name="testArea{double, double, double, double, double, double, double}[11]" classname="com.epam.rd.autotasks.triangle.TriangleTest" time="0"/>
  <testcase name="testArea{double, double, double, double, double, double, double}[12]" classname="com.epam.rd.autotasks.triangle.TriangleTest" time="0"/>
  <testcase name="testCentroid{double, double, double, double, double, double, Point}[1]" classname="com.epam.rd.autotasks.triangle.TriangleTest" time="0.003"/>
  <testcase name="testCentroid{double, double, double, double, double, double, Point}[2]" classname="com.epam.rd.autotasks.triangle.TriangleTest" time="0"/>
  <testcase name="testCentroid{double, double, double, double, double, double, Point}[3]" classname="com.epam.rd.autotasks.triangle.TriangleTest" time="0"/>
  <testcase name="testCentroid{double, double, double, double, double, double, Point}[4]" classname="com.epam.rd.autotasks.triangle.TriangleTest" time="0"/>
  <testcase name="testCentroid{double, double, double, double, double, double, Point}[5]" classname="com.epam.rd.autotasks.triangle.TriangleTest" time="0"/>
  <testcase name="testCentroid{double, double, double, double, double, double, Point}[6]" classname="com.epam.rd.autotasks.triangle.TriangleTest" time="0"/>
  <testcase name="testCentroid{double, double, double, double, double, double, Point}[7]" classname="com.epam.rd.autotasks.triangle.TriangleTest" time="0.001"/>
  <testcase name="testCentroid{double, double, double, double, double, double, Point}[8]" classname="com.epam.rd.autotasks.triangle.TriangleTest" time="0.001"/>
  <testcase name="testCentroid{double, double, double, double, double, double, Point}[9]" classname="com.epam.rd.autotasks.triangle.TriangleTest" time="0"/>
  <testcase name="testCentroid{double, double, double, double, double, double, Point}[10]" classname="com.epam.rd.autotasks.triangle.TriangleTest" time="0.001"/>
  <testcase name="testCentroid{double, double, double, double, double, double, Point}[11]" classname="com.epam.rd.autotasks.triangle.TriangleTest" time="0"/>
  <testcase name="testCentroid{double, double, double, double, double, double, Point}[12]" classname="com.epam.rd.autotasks.triangle.TriangleTest" time="0"/>
  <testcase name="testConstructorDegenerative1" classname="com.epam.rd.autotasks.triangle.TriangleTest" time="0.002"/>
  <testcase name="testConstructorDegenerative2" classname="com.epam.rd.autotasks.triangle.TriangleTest" time="0.001"/>
  <testcase name="testConstructorDegenerative3" classname="com.epam.rd.autotasks.triangle.TriangleTest" time="0"/>
  <testcase name="testConstructorDegenerative4" classname="com.epam.rd.autotasks.triangle.TriangleTest" time="0.001"/>
  <testcase name="testConstructorNullACase" classname="com.epam.rd.autotasks.triangle.TriangleTest" time="0"/>
  <testcase name="testConstructorNullBCase" classname="com.epam.rd.autotasks.triangle.TriangleTest" time="0.001"/>
  <testcase name="testConstructorNullCCase" classname="com.epam.rd.autotasks.triangle.TriangleTest" time="0.001"/>
  <testcase name="testConstructor" classname="com.epam.rd.autotasks.triangle.TriangleTest" time="0"/>
</testsuite>